<?xml version="1.0" encoding="UTF-8"?>
<!-- Generated by org.testng.reporters.JUnitXMLReporter -->
<testsuite ignored="0" hostname="exe0028" failures="0" tests="2" name="Registration" time="3.262" errors="0" timestamp="2022-06-27T14:23:19 IST">
  <testcase classname="com.truepush.qa.testcases.RegistrationPageTest" name="@BeforeClass setup" time="2.976">
    <failure type="org.openqa.selenium.SessionNotCreatedException" message="session not created: This version of ChromeDriver only supports Chrome version 101
Current browser version is 103.0.5060.53 with binary path /usr/bin/google-chrome
Build info: version: &amp;apos;3.141.59&amp;apos;, revision: &amp;apos;e82be7d358&amp;apos;, time: &amp;apos;2018-11-14T08:17:03&amp;apos;
System info: host: &amp;apos;exe0028&amp;apos;, ip: &amp;apos;127.0.1.1&amp;apos;, os.name: &amp;apos;Linux&amp;apos;, os.arch: &amp;apos;amd64&amp;apos;, os.version: &amp;apos;5.4.0-120-generic&amp;apos;, java.version: &amp;apos;11.0.15&amp;apos;
Driver info: driver.version: ChromeDriver
remote stacktrace: #0 0x558cb8fe0543 &amp;lt;unknown&amp;gt;
#1 0x558cb8d3d5e8 &amp;lt;unknown&amp;gt;
#2 0x558cb8d64365 &amp;lt;unknown&amp;gt;
#3 0x558cb8d5fb28 &amp;lt;unknown&amp;gt;
#4 0x558cb8d5befa &amp;lt;unknown&amp;gt;
#5 0x558cb8d96f7a &amp;lt;unknown&amp;gt;
#6 0x558cb8d910a3 &amp;lt;unknown&amp;gt;
#7 0x558cb8d669ba &amp;lt;unknown&amp;gt;
#8 0x558cb8d67b15 &amp;lt;unknown&amp;gt;
#9 0x558cb9024d5d &amp;lt;unknown&amp;gt;
#10 0x558cb90286dc &amp;lt;unknown&amp;gt;
#11 0x558cb900f0be &amp;lt;unknown&amp;gt;
#12 0x558cb9029338 &amp;lt;unknown&amp;gt;
#13 0x558cb9004060 &amp;lt;unknown&amp;gt;
#14 0x558cb9045758 &amp;lt;unknown&amp;gt;
#15 0x558cb90458d8 &amp;lt;unknown&amp;gt;
#16 0x558cb905f6bd &amp;lt;unknown&amp;gt;
#17 0x7fe9cb5bd6db &amp;lt;unknown&amp;gt;
">
      <![CDATA[org.openqa.selenium.SessionNotCreatedException: session not created: This version of ChromeDriver only supports Chrome version 101
Current browser version is 103.0.5060.53 with binary path /usr/bin/google-chrome
Build info: version: '3.141.59', revision: 'e82be7d358', time: '2018-11-14T08:17:03'
System info: host: 'exe0028', ip: '127.0.1.1', os.name: 'Linux', os.arch: 'amd64', os.version: '5.4.0-120-generic', java.version: '11.0.15'
Driver info: driver.version: ChromeDriver
remote stacktrace: #0 0x558cb8fe0543 <unknown>
#1 0x558cb8d3d5e8 <unknown>
#2 0x558cb8d64365 <unknown>
#3 0x558cb8d5fb28 <unknown>
#4 0x558cb8d5befa <unknown>
#5 0x558cb8d96f7a <unknown>
#6 0x558cb8d910a3 <unknown>
#7 0x558cb8d669ba <unknown>
#8 0x558cb8d67b15 <unknown>
#9 0x558cb9024d5d <unknown>
#10 0x558cb90286dc <unknown>
#11 0x558cb900f0be <unknown>
#12 0x558cb9029338 <unknown>
#13 0x558cb9004060 <unknown>
#14 0x558cb9045758 <unknown>
#15 0x558cb90458d8 <unknown>
#16 0x558cb905f6bd <unknown>
#17 0x7fe9cb5bd6db <unknown>

at org.openqa.selenium.remote.W3CHandshakeResponse.lambda$errorHandler$0(W3CHandshakeResponse.java:62)
at org.openqa.selenium.remote.HandshakeResponse.lambda$getResponseFunction$0(HandshakeResponse.java:30)
at org.openqa.selenium.remote.ProtocolHandshake.lambda$createSession$0(ProtocolHandshake.java:126)
at java.base/java.util.stream.ReferencePipeline$3$1.accept(ReferencePipeline.java:195)
at java.base/java.util.Spliterators$ArraySpliterator.tryAdvance(Spliterators.java:958)
at java.base/java.util.stream.ReferencePipeline.forEachWithCancel(ReferencePipeline.java:127)
at java.base/java.util.stream.AbstractPipeline.copyIntoWithCancel(AbstractPipeline.java:502)
at java.base/java.util.stream.AbstractPipeline.copyInto(AbstractPipeline.java:488)
at java.base/java.util.stream.AbstractPipeline.wrapAndCopyInto(AbstractPipeline.java:474)
at java.base/java.util.stream.FindOps$FindOp.evaluateSequential(FindOps.java:150)
at java.base/java.util.stream.AbstractPipeline.evaluate(AbstractPipeline.java:234)
at java.base/java.util.stream.ReferencePipeline.findFirst(ReferencePipeline.java:543)
at org.openqa.selenium.remote.ProtocolHandshake.createSession(ProtocolHandshake.java:128)
at org.openqa.selenium.remote.ProtocolHandshake.createSession(ProtocolHandshake.java:74)
at org.openqa.selenium.remote.HttpCommandExecutor.execute(HttpCommandExecutor.java:136)
at org.openqa.selenium.remote.service.DriverCommandExecutor.execute(DriverCommandExecutor.java:83)
at org.openqa.selenium.remote.RemoteWebDriver.execute(RemoteWebDriver.java:552)
at org.openqa.selenium.remote.RemoteWebDriver.startSession(RemoteWebDriver.java:213)
at org.openqa.selenium.remote.RemoteWebDriver.<init>(RemoteWebDriver.java:131)
at org.openqa.selenium.chrome.ChromeDriver.<init>(ChromeDriver.java:181)
at org.openqa.selenium.chrome.ChromeDriver.<init>(ChromeDriver.java:168)
at org.openqa.selenium.chrome.ChromeDriver.<init>(ChromeDriver.java:123)
at com.truepush.qa.testbase.TestBase.initialize(TestBase.java:137)
at com.truepush.qa.testcases.RegistrationPageTest.setup(RegistrationPageTest.java:41)
at java.base/java.util.ArrayList.forEach(ArrayList.java:1541)
... Removed 29 stack frames]]>
    </failure>
  </testcase> <!-- @BeforeClass setup -->
  <testcase classname="com.truepush.qa.testcases.RegistrationPageTest" name="@AfterClass tearDown" time="-1.656319999131E9">
    <skipped/>
  </testcase> <!-- @AfterClass tearDown -->
  <testcase classname="com.truepush.qa.testbase.TestBase" name="@AfterTest endreport" time="-1.656319999134E9">
    <skipped/>
  </testcase> <!-- @AfterTest endreport -->
  <testcase classname="com.truepush.qa.testcases.RegistrationPageTest" name="validateRegistrationTest" time="0.0">
    <skipped/>
  </testcase> <!-- validateRegistrationTest -->
  <testcase classname="com.truepush.qa.testcases.RegistrationPageTest" name="validateNewProjectTest" time="0.0">
    <skipped/>
  </testcase> <!-- validateNewProjectTest -->
</testsuite> <!-- Registration -->
