<?xml version="1.0" encoding="UTF-8"?>
<!-- Generated by org.testng.reporters.JUnitXMLReporter -->
<testsuite ignored="2" hostname="exe0028" failures="1" tests="4" name="Truepush SegmentPage" time="16.694" errors="0" timestamp="2022-04-06T10:23:57 IST">
  <testcase classname="com.truepush.qa.testcases.SegmentsTest" name="@AfterMethod teardown" time="0.029">
    <failure type="java.lang.NullPointerException">
      <![CDATA[java.lang.NullPointerException
at com.truepush.qa.utilities.Testut.takeScreenshotAtEndOfTest(Testut.java:37)
at com.truepush.qa.utilities.Webeventlistener.onException(Webeventlistener.java:57)
at org.openqa.selenium.support.events.EventFiringWebDriver.lambda$new$0(EventFiringWebDriver.java:84)
at com.sun.proxy.$Proxy10.onException(Unknown Source)
at org.openqa.selenium.support.events.EventFiringWebDriver.lambda$new$1(EventFiringWebDriver.java:107)
at com.sun.proxy.$Proxy11.close(Unknown Source)
at org.openqa.selenium.support.events.EventFiringWebDriver.close(EventFiringWebDriver.java:206)
at com.truepush.qa.testcases.SegmentsTest.teardown(SegmentsTest.java:112)
at java.base/java.util.ArrayList.forEach(ArrayList.java:1541)
... Removed 36 stack frames]]>
    </failure>
  </testcase> <!-- @AfterMethod teardown -->
  <testcase classname="com.truepush.qa.testcases.SegmentsTest" name="@BeforeMethod setup" time="-1.649220837642E9">
    <skipped/>
  </testcase> <!-- @BeforeMethod setup -->
  <testcase classname="com.truepush.qa.testcases.SegmentsTest" name="@AfterMethod teardown" time="-1.649220837649E9">
    <skipped/>
  </testcase> <!-- @AfterMethod teardown -->
  <testcase classname="com.truepush.qa.testcases.SegmentsTest" name="@BeforeMethod setup" time="-1.649220837652E9">
    <skipped/>
  </testcase> <!-- @BeforeMethod setup -->
  <testcase classname="com.truepush.qa.testcases.SegmentsTest" name="@AfterMethod teardown" time="-1.649220837659E9">
    <skipped/>
  </testcase> <!-- @AfterMethod teardown -->
  <testcase classname="com.truepush.qa.testcases.SegmentsTest" name="@BeforeMethod setup" time="-1.649220837662E9">
    <skipped/>
  </testcase> <!-- @BeforeMethod setup -->
  <testcase classname="com.truepush.qa.testcases.SegmentsTest" name="@AfterMethod teardown" time="-1.649220837669E9">
    <skipped/>
  </testcase> <!-- @AfterMethod teardown -->
  <testcase classname="com.truepush.qa.testcases.SegmentsTest" name="validateSegmentCreationDDTTest" time="11.402">
    <failure type="java.lang.NullPointerException">
      <![CDATA[java.lang.NullPointerException
at com.truepush.qa.utilities.Testut.takeScreenshotAtEndOfTest(Testut.java:37)
at com.truepush.qa.utilities.Webeventlistener.onException(Webeventlistener.java:57)
at org.openqa.selenium.support.events.EventFiringWebDriver.lambda$new$0(EventFiringWebDriver.java:84)
at com.sun.proxy.$Proxy10.onException(Unknown Source)
at org.openqa.selenium.support.events.EventFiringWebDriver.lambda$new$1(EventFiringWebDriver.java:107)
at com.sun.proxy.$Proxy11.findElement(Unknown Source)
at org.openqa.selenium.support.events.EventFiringWebDriver.findElement(EventFiringWebDriver.java:194)
at org.openqa.selenium.support.pagefactory.DefaultElementLocator.findElement(DefaultElementLocator.java:69)
at org.openqa.selenium.support.pagefactory.internal.LocatingElementHandler.invoke(LocatingElementHandler.java:38)
at com.sun.proxy.$Proxy15.click(Unknown Source)
at com.qa.truepush.pages.SegmentsPage.createSegmentDDT(SegmentsPage.java:146)
at com.truepush.qa.testcases.SegmentsTest.validateSegmentCreationDDTTest(SegmentsTest.java:89)
at java.base/java.util.ArrayList.forEach(ArrayList.java:1541)
... Removed 31 stack frames]]>
    </failure>
  </testcase> <!-- validateSegmentCreationDDTTest -->
  <testcase classname="com.truepush.qa.testcases.SegmentsTest" name="validateSegmentCreationDDTTest" time="0.0">
    <skipped/>
  </testcase> <!-- validateSegmentCreationDDTTest -->
  <testcase classname="com.truepush.qa.testcases.SegmentsTest" name="validateSegmentCreationDDTTest" time="0.0">
    <skipped/>
  </testcase> <!-- validateSegmentCreationDDTTest -->
  <testcase classname="com.truepush.qa.testcases.SegmentsTest" name="validateSegmentCreationDDTTest" time="0.0">
    <skipped/>
  </testcase> <!-- validateSegmentCreationDDTTest -->
  <testcase classname="com.truepush.qa.testcases.SegmentsTest" name="validateSegmentEditFeatureTest" time="0.0">
    <ignored/>
  </testcase> <!-- validateSegmentEditFeatureTest -->
  <testcase classname="com.truepush.qa.testcases.SegmentsTest" name="validateSegmentCreationTest" time="0.0">
    <ignored/>
  </testcase> <!-- validateSegmentCreationTest -->
</testsuite> <!-- Truepush SegmentPage -->
