<?xml version="1.0" encoding="UTF-8"?>
<!-- Generated by org.testng.reporters.JUnitXMLReporter -->
<testsuite ignored="1" hostname="exe0028" failures="0" tests="6" name="Truepush Campaigns" time="54.375" errors="0" timestamp="2022-04-30T15:10:36 IST">
  <testcase classname="com.truepush.qa.testcases.CampaignpageTest" name="@BeforeMethod setup" time="53.767">
    <failure type="org.openqa.selenium.NoSuchElementException" message="no such element: Unable to locate element: {&amp;quot;method&amp;quot;:&amp;quot;link text&amp;quot;,&amp;quot;selector&amp;quot;:&amp;quot;controller&amp;quot;}
  (Session info: chrome=101.0.4951.41)
For documentation on this error, please visit: https://www.seleniumhq.org/exceptions/no_such_element.html
Build info: version: &amp;apos;3.141.59&amp;apos;, revision: &amp;apos;e82be7d358&amp;apos;, time: &amp;apos;2018-11-14T08:17:03&amp;apos;
System info: host: &amp;apos;exe0028&amp;apos;, ip: &amp;apos;127.0.1.1&amp;apos;, os.name: &amp;apos;Linux&amp;apos;, os.arch: &amp;apos;amd64&amp;apos;, os.version: &amp;apos;5.4.0-109-generic&amp;apos;, java.version: &amp;apos;11.0.15&amp;apos;
Driver info: org.openqa.selenium.chrome.ChromeDriver
Capabilities {acceptInsecureCerts: false, browserName: chrome, browserVersion: 101.0.4951.41, chrome: {chromedriverVersion: 101.0.4951.15 (0dcf182bd388..., userDataDir: /tmp/.com.google.Chrome.ikGo28}, goog:chromeOptions: {debuggerAddress: localhost:45925}, javascriptEnabled: true, networkConnectionEnabled: false, pageLoadStrategy: normal, platform: LINUX, platformName: LINUX, proxy: Proxy(), setWindowRect: true, strictFileInteractability: false, timeouts: {implicit: 0, pageLoad: 300000, script: 30000}, unhandledPromptBehavior: dismiss and notify, webauthn:extension:credBlob: true, webauthn:extension:largeBlob: true, webauthn:virtualAuthenticators: true}
Session ID: 70e2bc1e364d68318b4d1d19e0c31321
*** Element info: {Using=link text, value=controller}">
      <![CDATA[org.openqa.selenium.NoSuchElementException: no such element: Unable to locate element: {"method":"link text","selector":"controller"}
  (Session info: chrome=101.0.4951.41)
For documentation on this error, please visit: https://www.seleniumhq.org/exceptions/no_such_element.html
Build info: version: '3.141.59', revision: 'e82be7d358', time: '2018-11-14T08:17:03'
System info: host: 'exe0028', ip: '127.0.1.1', os.name: 'Linux', os.arch: 'amd64', os.version: '5.4.0-109-generic', java.version: '11.0.15'
Driver info: org.openqa.selenium.chrome.ChromeDriver
Capabilities {acceptInsecureCerts: false, browserName: chrome, browserVersion: 101.0.4951.41, chrome: {chromedriverVersion: 101.0.4951.15 (0dcf182bd388..., userDataDir: /tmp/.com.google.Chrome.ikGo28}, goog:chromeOptions: {debuggerAddress: localhost:45925}, javascriptEnabled: true, networkConnectionEnabled: false, pageLoadStrategy: normal, platform: LINUX, platformName: LINUX, proxy: Proxy(), setWindowRect: true, strictFileInteractability: false, timeouts: {implicit: 0, pageLoad: 300000, script: 30000}, unhandledPromptBehavior: dismiss and notify, webauthn:extension:credBlob: true, webauthn:extension:largeBlob: true, webauthn:virtualAuthenticators: true}
Session ID: 70e2bc1e364d68318b4d1d19e0c31321
*** Element info: {Using=link text, value=controller}
at org.openqa.selenium.remote.http.W3CHttpResponseCodec.createException(W3CHttpResponseCodec.java:187)
at org.openqa.selenium.remote.http.W3CHttpResponseCodec.decode(W3CHttpResponseCodec.java:122)
at org.openqa.selenium.remote.http.W3CHttpResponseCodec.decode(W3CHttpResponseCodec.java:49)
at org.openqa.selenium.remote.HttpCommandExecutor.execute(HttpCommandExecutor.java:158)
at org.openqa.selenium.remote.service.DriverCommandExecutor.execute(DriverCommandExecutor.java:83)
at org.openqa.selenium.remote.RemoteWebDriver.execute(RemoteWebDriver.java:552)
at org.openqa.selenium.remote.RemoteWebDriver.findElement(RemoteWebDriver.java:323)
at org.openqa.selenium.remote.RemoteWebDriver.findElementByLinkText(RemoteWebDriver.java:380)
at org.openqa.selenium.By$ByLinkText.findElement(By.java:220)
at org.openqa.selenium.remote.RemoteWebDriver.findElement(RemoteWebDriver.java:315)
at org.openqa.selenium.support.events.EventFiringWebDriver.lambda$new$1(EventFiringWebDriver.java:105)
at com.sun.proxy.$Proxy17.findElement(Unknown Source)
at org.openqa.selenium.support.events.EventFiringWebDriver.findElement(EventFiringWebDriver.java:194)
at org.openqa.selenium.support.pagefactory.DefaultElementLocator.findElement(DefaultElementLocator.java:69)
at org.openqa.selenium.support.pagefactory.internal.LocatingElementHandler.invoke(LocatingElementHandler.java:38)
at com.sun.proxy.$Proxy21.click(Unknown Source)
at com.qa.truepush.pages.ProjectPage.clickonproject(ProjectPage.java:174)
at com.truepush.qa.testcases.CampaignpageTest.setup(CampaignpageTest.java:56)
at java.base/java.util.ArrayList.forEach(ArrayList.java:1541)
... Removed 38 stack frames]]>
    </failure>
  </testcase> <!-- @BeforeMethod setup -->
  <testcase classname="com.truepush.qa.testcases.CampaignpageTest" name="@AfterMethod teardown" time="-1.651311636386E9">
    <skipped/>
  </testcase> <!-- @AfterMethod teardown -->
  <testcase classname="com.truepush.qa.testcases.CampaignpageTest" name="@BeforeMethod setup" time="-1.651311636388E9">
    <skipped/>
  </testcase> <!-- @BeforeMethod setup -->
  <testcase classname="com.truepush.qa.testcases.CampaignpageTest" name="@AfterMethod teardown" time="-1.651311636401E9">
    <skipped/>
  </testcase> <!-- @AfterMethod teardown -->
  <testcase classname="com.truepush.qa.testcases.CampaignpageTest" name="@BeforeMethod setup" time="-1.651311636402E9">
    <skipped/>
  </testcase> <!-- @BeforeMethod setup -->
  <testcase classname="com.truepush.qa.testcases.CampaignpageTest" name="@AfterMethod teardown" time="-1.651311636407E9">
    <skipped/>
  </testcase> <!-- @AfterMethod teardown -->
  <testcase classname="com.truepush.qa.testcases.CampaignpageTest" name="@BeforeMethod setup" time="-1.651311636409E9">
    <skipped/>
  </testcase> <!-- @BeforeMethod setup -->
  <testcase classname="com.truepush.qa.testcases.CampaignpageTest" name="@AfterMethod teardown" time="-1.651311636414E9">
    <skipped/>
  </testcase> <!-- @AfterMethod teardown -->
  <testcase classname="com.truepush.qa.testcases.CampaignpageTest" name="@BeforeMethod setup" time="-1.651311636415E9">
    <skipped/>
  </testcase> <!-- @BeforeMethod setup -->
  <testcase classname="com.truepush.qa.testcases.CampaignpageTest" name="@AfterMethod teardown" time="-1.651311636421E9">
    <skipped/>
  </testcase> <!-- @AfterMethod teardown -->
  <testcase classname="com.truepush.qa.testcases.CampaignpageTest" name="@BeforeMethod setup" time="-1.651311636424E9">
    <skipped/>
  </testcase> <!-- @BeforeMethod setup -->
  <testcase classname="com.truepush.qa.testcases.CampaignpageTest" name="@AfterMethod teardown" time="-1.651311636431E9">
    <skipped/>
  </testcase> <!-- @AfterMethod teardown -->
  <testcase classname="com.truepush.qa.testbase.TestBase" name="@AfterTest endReport" time="-1.651311636433E9">
    <skipped/>
  </testcase> <!-- @AfterTest endReport -->
  <testcase classname="com.truepush.qa.testcases.CampaignpageTest" name="validateCampaignPage" time="0.0">
    <skipped/>
  </testcase> <!-- validateCampaignPage -->
  <testcase classname="com.truepush.qa.testcases.CampaignpageTest" name="validateCampaignPage" time="0.0">
    <skipped/>
  </testcase> <!-- validateCampaignPage -->
  <testcase classname="com.truepush.qa.testcases.CampaignpageTest" name="validateCampaignPage" time="0.0">
    <skipped/>
  </testcase> <!-- validateCampaignPage -->
  <testcase classname="com.truepush.qa.testcases.CampaignpageTest" name="validateCampaignPage" time="0.0">
    <skipped/>
  </testcase> <!-- validateCampaignPage -->
  <testcase classname="com.truepush.qa.testcases.CampaignpageTest" name="validateCampaignPage" time="0.0">
    <skipped/>
  </testcase> <!-- validateCampaignPage -->
  <testcase classname="com.truepush.qa.testcases.CampaignpageTest" name="validateCampaignTest" time="0.0">
    <skipped/>
  </testcase> <!-- validateCampaignTest -->
  <testcase classname="com.truepush.qa.testcases.CampaignpageTest" name="validateAdvanceCampaignTest" time="0.0">
    <ignored/>
  </testcase> <!-- validateAdvanceCampaignTest -->
</testsuite> <!-- Truepush Campaigns -->
