<?xml version="1.0" encoding="UTF-8"?>
<!-- Generated by org.testng.reporters.JUnitXMLReporter -->
<testsuite ignored="0" hostname="exe0028" failures="1" tests="17" name="Truepush Maininterface" time="115.761" errors="0" timestamp="2022-06-13T10:24:43 IST">
  <testcase classname="com.truepush.qa.testcases.MaininterfaceTest" name="validateCampaignPageLinkTest" time="2.126"/>
  <testcase classname="com.truepush.qa.testcases.MaininterfaceTest" name="validateRSSPageLinkTest" time="0.461"/>
  <testcase classname="com.truepush.qa.testcases.MaininterfaceTest" name="validateSegmentsPageLinkTest" time="0.547"/>
  <testcase classname="com.truepush.qa.testcases.MaininterfaceTest" name="validateTemplatesPageLinkTest" time="0.521"/>
  <testcase classname="com.truepush.qa.testcases.MaininterfaceTest" name="validateTriggersPageLinkTest" time="0.468"/>
  <testcase classname="com.truepush.qa.testcases.MaininterfaceTest" name="valiateSubscribersPageLinkTest" time="0.628"/>
  <testcase classname="com.truepush.qa.testcases.MaininterfaceTest" name="validateCodeIntegrationPageLinkTest" time="0.453"/>
  <testcase classname="com.truepush.qa.testcases.MaininterfaceTest" name="validateSettingsPageLinkTest" time="0.457"/>
  <testcase classname="com.truepush.qa.testcases.MaininterfaceTest" name="validatePricingPageLinkTest" time="0.359"/>
  <testcase classname="com.truepush.qa.testcases.MaininterfaceTest" name="validateProfileiconPageLinkTest" time="2.881"/>
  <testcase classname="com.truepush.qa.testcases.MaininterfaceTest" name="validatePageTitleTest" time="0.018">
    <failure type="java.lang.AssertionError" message="Truepush expected:&amp;lt;Truepush&amp;gt; but was:&amp;lt;dash board page title not matched&amp;gt;">
      <![CDATA[java.lang.AssertionError: Truepush expected:<Truepush> but was:<dash board page title not matched>
at com.truepush.qa.testcases.MaininterfaceTest.validatePageTitleTest(MaininterfaceTest.java:226)
at java.base/java.util.ArrayList.forEach(ArrayList.java:1541)
... Removed 28 stack frames]]>
    </failure>
  </testcase> <!-- validatePageTitleTest -->
  <testcase classname="com.truepush.qa.testcases.MaininterfaceTest" name="validateCampaignButtonTest" time="1.369"/>
  <testcase classname="com.truepush.qa.testcases.MaininterfaceTest" name="validateProfileIconTest" time="2.157"/>
  <testcase classname="com.truepush.qa.testcases.MaininterfaceTest" name="validateDriftChatTest" time="2.637"/>
  <testcase classname="com.truepush.qa.testcases.MaininterfaceTest" name="validateMenuButtonTest" time="0.473"/>
  <testcase classname="com.truepush.qa.testcases.MaininterfaceTest" name="validateSwitchToProject" time="0.533"/>
  <testcase classname="com.truepush.qa.testcases.MaininterfaceTest" name="validateLogoutButtonTest" time="2.187"/>
</testsuite> <!-- Truepush Maininterface -->
