<?xml version="1.0" encoding="UTF-8"?>
<!-- Generated by org.testng.reporters.JUnitXMLReporter -->
<testsuite ignored="0" hostname="exe0028" failures="0" tests="12" name="Truepush Settings" time="160.796" errors="0" timestamp="2022-05-12T14:46:29 IST">
  <testcase classname="com.truepush.qa.testcases.SettingsTest" name="@BeforeMethod setup" time="56.666">
    <failure type="org.openqa.selenium.NoSuchElementException" message="no such element: Unable to locate element: {&amp;quot;method&amp;quot;:&amp;quot;xpath&amp;quot;,&amp;quot;selector&amp;quot;:&amp;quot;//nav[@class=&amp;apos;main-nav&amp;apos;]/child::a[11]&amp;quot;}
  (Session info: chrome=101.0.4951.54)
For documentation on this error, please visit: https://www.seleniumhq.org/exceptions/no_such_element.html
Build info: version: &amp;apos;3.141.59&amp;apos;, revision: &amp;apos;e82be7d358&amp;apos;, time: &amp;apos;2018-11-14T08:17:03&amp;apos;
System info: host: &amp;apos;exe0028&amp;apos;, ip: &amp;apos;127.0.1.1&amp;apos;, os.name: &amp;apos;Linux&amp;apos;, os.arch: &amp;apos;amd64&amp;apos;, os.version: &amp;apos;5.4.0-109-generic&amp;apos;, java.version: &amp;apos;11.0.15&amp;apos;
Driver info: org.openqa.selenium.chrome.ChromeDriver
Capabilities {acceptInsecureCerts: false, browserName: chrome, browserVersion: 101.0.4951.54, chrome: {chromedriverVersion: 101.0.4951.15 (0dcf182bd388..., userDataDir: /tmp/.com.google.Chrome.gNAMZq}, goog:chromeOptions: {debuggerAddress: localhost:42071}, javascriptEnabled: true, networkConnectionEnabled: false, pageLoadStrategy: normal, platform: LINUX, platformName: LINUX, proxy: Proxy(), setWindowRect: true, strictFileInteractability: false, timeouts: {implicit: 0, pageLoad: 300000, script: 30000}, unhandledPromptBehavior: dismiss and notify, webauthn:extension:credBlob: true, webauthn:extension:largeBlob: true, webauthn:virtualAuthenticators: true}
Session ID: 590be0693e872d22b5d10b2d28481fbc
*** Element info: {Using=xpath, value=//nav[@class=&amp;apos;main-nav&amp;apos;]/child::a[11]}">
      <![CDATA[org.openqa.selenium.NoSuchElementException: no such element: Unable to locate element: {"method":"xpath","selector":"//nav[@class='main-nav']/child::a[11]"}
  (Session info: chrome=101.0.4951.54)
For documentation on this error, please visit: https://www.seleniumhq.org/exceptions/no_such_element.html
Build info: version: '3.141.59', revision: 'e82be7d358', time: '2018-11-14T08:17:03'
System info: host: 'exe0028', ip: '127.0.1.1', os.name: 'Linux', os.arch: 'amd64', os.version: '5.4.0-109-generic', java.version: '11.0.15'
Driver info: org.openqa.selenium.chrome.ChromeDriver
Capabilities {acceptInsecureCerts: false, browserName: chrome, browserVersion: 101.0.4951.54, chrome: {chromedriverVersion: 101.0.4951.15 (0dcf182bd388..., userDataDir: /tmp/.com.google.Chrome.gNAMZq}, goog:chromeOptions: {debuggerAddress: localhost:42071}, javascriptEnabled: true, networkConnectionEnabled: false, pageLoadStrategy: normal, platform: LINUX, platformName: LINUX, proxy: Proxy(), setWindowRect: true, strictFileInteractability: false, timeouts: {implicit: 0, pageLoad: 300000, script: 30000}, unhandledPromptBehavior: dismiss and notify, webauthn:extension:credBlob: true, webauthn:extension:largeBlob: true, webauthn:virtualAuthenticators: true}
Session ID: 590be0693e872d22b5d10b2d28481fbc
*** Element info: {Using=xpath, value=//nav[@class='main-nav']/child::a[11]}
at org.openqa.selenium.remote.http.W3CHttpResponseCodec.createException(W3CHttpResponseCodec.java:187)
at org.openqa.selenium.remote.http.W3CHttpResponseCodec.decode(W3CHttpResponseCodec.java:122)
at org.openqa.selenium.remote.http.W3CHttpResponseCodec.decode(W3CHttpResponseCodec.java:49)
at org.openqa.selenium.remote.HttpCommandExecutor.execute(HttpCommandExecutor.java:158)
at org.openqa.selenium.remote.service.DriverCommandExecutor.execute(DriverCommandExecutor.java:83)
at org.openqa.selenium.remote.RemoteWebDriver.execute(RemoteWebDriver.java:552)
at org.openqa.selenium.remote.RemoteWebDriver.findElement(RemoteWebDriver.java:323)
at org.openqa.selenium.remote.RemoteWebDriver.findElementByXPath(RemoteWebDriver.java:428)
at org.openqa.selenium.By$ByXPath.findElement(By.java:353)
at org.openqa.selenium.remote.RemoteWebDriver.findElement(RemoteWebDriver.java:315)
at org.openqa.selenium.support.events.EventFiringWebDriver.lambda$new$1(EventFiringWebDriver.java:105)
at com.sun.proxy.$Proxy17.findElement(Unknown Source)
at org.openqa.selenium.support.events.EventFiringWebDriver.findElement(EventFiringWebDriver.java:194)
at org.openqa.selenium.support.pagefactory.DefaultElementLocator.findElement(DefaultElementLocator.java:69)
at org.openqa.selenium.support.pagefactory.internal.LocatingElementHandler.invoke(LocatingElementHandler.java:38)
at com.sun.proxy.$Proxy21.click(Unknown Source)
at com.qa.truepush.pages.Maininterface.clickonsettingslink(Maininterface.java:284)
at com.truepush.qa.testcases.SettingsTest.setup(SettingsTest.java:52)
at java.base/java.util.ArrayList.forEach(ArrayList.java:1541)
... Removed 38 stack frames]]>
    </failure>
  </testcase> <!-- @BeforeMethod setup -->
  <testcase classname="com.truepush.qa.testcases.SettingsTest" name="@AfterMethod teardown" time="-1.652346989282E9">
    <skipped/>
  </testcase> <!-- @AfterMethod teardown -->
  <testcase classname="com.truepush.qa.testcases.SettingsTest" name="@BeforeMethod setup" time="-1.652346989284E9">
    <skipped/>
  </testcase> <!-- @BeforeMethod setup -->
  <testcase classname="com.truepush.qa.testcases.SettingsTest" name="@AfterMethod teardown" time="-1.652346989288E9">
    <skipped/>
  </testcase> <!-- @AfterMethod teardown -->
  <testcase classname="com.truepush.qa.testcases.SettingsTest" name="@BeforeMethod setup" time="-1.65234698929E9">
    <skipped/>
  </testcase> <!-- @BeforeMethod setup -->
  <testcase classname="com.truepush.qa.testcases.SettingsTest" name="@AfterMethod teardown" time="-1.652346989293E9">
    <skipped/>
  </testcase> <!-- @AfterMethod teardown -->
  <testcase classname="com.truepush.qa.testcases.SettingsTest" name="@BeforeMethod setup" time="-1.652346989295E9">
    <skipped/>
  </testcase> <!-- @BeforeMethod setup -->
  <testcase classname="com.truepush.qa.testcases.SettingsTest" name="@AfterMethod teardown" time="-1.652346989298E9">
    <skipped/>
  </testcase> <!-- @AfterMethod teardown -->
  <testcase classname="com.truepush.qa.testcases.SettingsTest" name="@BeforeMethod setup" time="-1.6523469893E9">
    <skipped/>
  </testcase> <!-- @BeforeMethod setup -->
  <testcase classname="com.truepush.qa.testcases.SettingsTest" name="@AfterMethod teardown" time="-1.652346989303E9">
    <skipped/>
  </testcase> <!-- @AfterMethod teardown -->
  <testcase classname="com.truepush.qa.testcases.SettingsTest" name="@BeforeMethod setup" time="-1.652346989304E9">
    <skipped/>
  </testcase> <!-- @BeforeMethod setup -->
  <testcase classname="com.truepush.qa.testcases.SettingsTest" name="@AfterMethod teardown" time="-1.652346989307E9">
    <skipped/>
  </testcase> <!-- @AfterMethod teardown -->
  <testcase classname="com.truepush.qa.testbase.TestBase" name="@AfterTest endReport" time="-1.652346989308E9">
    <skipped/>
  </testcase> <!-- @AfterTest endReport -->
  <testcase classname="com.truepush.qa.testcases.SettingsTest" name="validateGDPRTest" time="0.225"/>
  <testcase classname="com.truepush.qa.testcases.SettingsTest" name="validateRestAPIKeyTest" time="0.134"/>
  <testcase classname="com.truepush.qa.testcases.SettingsTest" name="validateAPPIdTest" time="0.134"/>
  <testcase classname="com.truepush.qa.testcases.SettingsTest" name="validateRegnerateTokenTest" time="0.171"/>
  <testcase classname="com.truepush.qa.testcases.SettingsTest" name="validateMaxmimumNotificaionsInputBoxTest" time="27.415"/>
  <testcase classname="com.truepush.qa.testcases.SettingsTest" name="validateSettingsPageTest" time="1.352"/>
  <testcase classname="com.truepush.qa.testcases.SettingsTest" name="validateDocumentationLinkTest" time="0.0">
    <skipped/>
  </testcase> <!-- validateDocumentationLinkTest -->
  <testcase classname="com.truepush.qa.testcases.SettingsTest" name="validateProjecticonTest" time="0.0">
    <skipped/>
  </testcase> <!-- validateProjecticonTest -->
  <testcase classname="com.truepush.qa.testcases.SettingsTest" name="validateOptinStyleTest" time="0.0">
    <skipped/>
  </testcase> <!-- validateOptinStyleTest -->
  <testcase classname="com.truepush.qa.testcases.SettingsTest" name="validateOptinContentTest" time="0.0">
    <skipped/>
  </testcase> <!-- validateOptinContentTest -->
  <testcase classname="com.truepush.qa.testcases.SettingsTest" name="validateWelcomenotificationTest" time="0.0">
    <skipped/>
  </testcase> <!-- validateWelcomenotificationTest -->
  <testcase classname="com.truepush.qa.testcases.SettingsTest" name="validateDefaultSettingsTest" time="0.0">
    <skipped/>
  </testcase> <!-- validateDefaultSettingsTest -->
</testsuite> <!-- Truepush Settings -->
