<?xml version="1.0" encoding="UTF-8"?>
<!-- Generated by org.testng.reporters.JUnitXMLReporter -->
<testsuite ignored="0" hostname="exe0028" failures="0" tests="3" name="Truepush New Project" time="22.31" errors="0" timestamp="2022-06-27T14:42:25 IST">
  <testcase classname="com.truepush.qa.testcases.NewProjectPageTest" name="@AfterClass tearDown" time="-1.656321145596E9">
    <failure type="org.testng.TestNGException" message="
Can inject only one of &amp;lt;ITestContext, XmlTest&amp;gt; into a @AfterClass annotated tearDown.
For more information on native dependency injection please refer to https://testng.org/doc/documentation-main.html#native-dependency-injection">
      <![CDATA[org.testng.TestNGException: 
Can inject only one of <ITestContext, XmlTest> into a @AfterClass annotated tearDown.
For more information on native dependency injection please refer to https://testng.org/doc/documentation-main.html#native-dependency-injection
at java.base/java.util.ArrayList.forEach(ArrayList.java:1541)
... Removed 22 stack frames]]>
    </failure>
  </testcase> <!-- @AfterClass tearDown -->
  <testcase classname="com.truepush.qa.testbase.TestBase" name="@AfterTest endreport" time="-1.656321145605E9">
    <skipped/>
  </testcase> <!-- @AfterTest endreport -->
  <testcase classname="com.truepush.qa.testcases.NewProjectPageTest" name="validateNewProjectTest" time="5.413"/>
  <testcase classname="com.truepush.qa.testcases.NewProjectPageTest" name="validateNewProjectTest2" time="6.324"/>
  <testcase classname="com.truepush.qa.testcases.NewProjectPageTest" name="validateCodeIntegrationSetUpTest" time="6.355"/>
</testsuite> <!-- Truepush New Project -->
