<?xml version="1.0" encoding="UTF-8"?>
<!-- Generated by org.testng.reporters.JUnitXMLReporter -->
<testsuite ignored="0" hostname="exe0028" failures="0" tests="1" name="Truepush Users" time="28.947" errors="0" timestamp="2022-06-27T14:20:40 IST">
  <testcase classname="com.truepush.qa.testcases.UsersTest" name="@BeforeMethod setup" time="28.897">
    <failure type="org.openqa.selenium.NoSuchElementException" message="Cannot locate an element using xpath=//h1[text()=&amp;apos;Login to your Truepush account&amp;apos;]/following::button[1]
For documentation on this error, please visit: https://www.seleniumhq.org/exceptions/no_such_element.html
Build info: version: &amp;apos;3.141.59&amp;apos;, revision: &amp;apos;e82be7d358&amp;apos;, time: &amp;apos;2018-11-14T08:17:03&amp;apos;
System info: host: &amp;apos;exe0028&amp;apos;, ip: &amp;apos;127.0.1.1&amp;apos;, os.name: &amp;apos;Linux&amp;apos;, os.arch: &amp;apos;amd64&amp;apos;, os.version: &amp;apos;5.4.0-120-generic&amp;apos;, java.version: &amp;apos;11.0.15&amp;apos;
Driver info: driver.version: EventFiringWebDriver">
      <![CDATA[org.openqa.selenium.NoSuchElementException: Cannot locate an element using xpath=//h1[text()='Login to your Truepush account']/following::button[1]
For documentation on this error, please visit: https://www.seleniumhq.org/exceptions/no_such_element.html
Build info: version: '3.141.59', revision: 'e82be7d358', time: '2018-11-14T08:17:03'
System info: host: 'exe0028', ip: '127.0.1.1', os.name: 'Linux', os.arch: 'amd64', os.version: '5.4.0-120-generic', java.version: '11.0.15'
Driver info: driver.version: EventFiringWebDriver
at org.openqa.selenium.remote.RemoteWebDriver.findElement(RemoteWebDriver.java:327)
at org.openqa.selenium.remote.RemoteWebDriver.findElementByXPath(RemoteWebDriver.java:428)
at org.openqa.selenium.By$ByXPath.findElement(By.java:353)
at org.openqa.selenium.remote.RemoteWebDriver.findElement(RemoteWebDriver.java:315)
at org.openqa.selenium.support.events.EventFiringWebDriver.lambda$new$1(EventFiringWebDriver.java:105)
at com.sun.proxy.$Proxy17.findElement(Unknown Source)
at org.openqa.selenium.support.events.EventFiringWebDriver.findElement(EventFiringWebDriver.java:194)
at org.openqa.selenium.support.pagefactory.DefaultElementLocator.findElement(DefaultElementLocator.java:69)
at org.openqa.selenium.support.pagefactory.internal.LocatingElementHandler.invoke(LocatingElementHandler.java:38)
at com.sun.proxy.$Proxy21.click(Unknown Source)
at com.qa.truepush.pages.Loginpage.Validatelogin(Loginpage.java:82)
at com.truepush.qa.testcases.UsersTest.setup(UsersTest.java:48)
at java.base/java.util.ArrayList.forEach(ArrayList.java:1541)
... Removed 35 stack frames]]>
    </failure>
  </testcase> <!-- @BeforeMethod setup -->
  <testcase classname="com.truepush.qa.testcases.UsersTest" name="@AfterMethod tearDown" time="-1.656319840314E9">
    <skipped/>
  </testcase> <!-- @AfterMethod tearDown -->
  <testcase classname="com.truepush.qa.testbase.TestBase" name="@AfterTest endreport" time="-1.656319840317E9">
    <skipped/>
  </testcase> <!-- @AfterTest endreport -->
  <testcase classname="com.truepush.qa.testcases.UsersTest" name="validateAddNewUsersTest" time="0.0">
    <skipped/>
  </testcase> <!-- validateAddNewUsersTest -->
</testsuite> <!-- Truepush Users -->
