<?xml version="1.0" encoding="UTF-8"?>
<!-- Generated by org.testng.reporters.JUnitXMLReporter -->
<testsuite ignored="0" hostname="exe0028" failures="1" tests="12" name="Truepush Settings" time="137.388" errors="0" timestamp="2022-04-30T15:18:49 IST">
  <testcase classname="com.truepush.qa.testcases.SettingsTest" name="validateGDPRTest" time="0.825"/>
  <testcase classname="com.truepush.qa.testcases.SettingsTest" name="validateRestAPIKeyTest" time="0.254"/>
  <testcase classname="com.truepush.qa.testcases.SettingsTest" name="validateAPPIdTest" time="0.153"/>
  <testcase classname="com.truepush.qa.testcases.SettingsTest" name="validateRegnerateTokenTest" time="0.166"/>
  <testcase classname="com.truepush.qa.testcases.SettingsTest" name="validateMaxmimumNotificaionsInputBoxTest" time="0.502"/>
  <testcase classname="com.truepush.qa.testcases.SettingsTest" name="validateSettingsPageTest" time="0.548"/>
  <testcase classname="com.truepush.qa.testcases.SettingsTest" name="validateDocumentationLinkTest" time="7.028"/>
  <testcase classname="com.truepush.qa.testcases.SettingsTest" name="validateProjecticonTest" time="5.487"/>
  <testcase classname="com.truepush.qa.testcases.SettingsTest" name="validateOptinStyleTest" time="0.557"/>
  <testcase classname="com.truepush.qa.testcases.SettingsTest" name="validateOptinContentTest" time="1.066"/>
  <testcase classname="com.truepush.qa.testcases.SettingsTest" name="validateWelcomenotificationTest" time="50.464">
    <failure type="org.openqa.selenium.NoSuchElementException" message="no such element: Unable to locate element: {&amp;quot;method&amp;quot;:&amp;quot;css selector&amp;quot;,&amp;quot;selector&amp;quot;:&amp;quot;input[name=&amp;apos;tempTitle&amp;apos;]&amp;quot;}
  (Session info: chrome=101.0.4951.41)
For documentation on this error, please visit: https://www.seleniumhq.org/exceptions/no_such_element.html
Build info: version: &amp;apos;3.141.59&amp;apos;, revision: &amp;apos;e82be7d358&amp;apos;, time: &amp;apos;2018-11-14T08:17:03&amp;apos;
System info: host: &amp;apos;exe0028&amp;apos;, ip: &amp;apos;127.0.1.1&amp;apos;, os.name: &amp;apos;Linux&amp;apos;, os.arch: &amp;apos;amd64&amp;apos;, os.version: &amp;apos;5.4.0-109-generic&amp;apos;, java.version: &amp;apos;11.0.15&amp;apos;
Driver info: org.openqa.selenium.chrome.ChromeDriver
Capabilities {acceptInsecureCerts: false, browserName: chrome, browserVersion: 101.0.4951.41, chrome: {chromedriverVersion: 101.0.4951.15 (0dcf182bd388..., userDataDir: /tmp/.com.google.Chrome.MfQk3l}, goog:chromeOptions: {debuggerAddress: localhost:45161}, javascriptEnabled: true, networkConnectionEnabled: false, pageLoadStrategy: normal, platform: LINUX, platformName: LINUX, proxy: Proxy(), setWindowRect: true, strictFileInteractability: false, timeouts: {implicit: 0, pageLoad: 300000, script: 30000}, unhandledPromptBehavior: dismiss and notify, webauthn:extension:credBlob: true, webauthn:extension:largeBlob: true, webauthn:virtualAuthenticators: true}
Session ID: 7762a10ecfd42c1cd02248e0293916ac
*** Element info: {Using=css selector, value=input[name=&amp;apos;tempTitle&amp;apos;]}">
      <![CDATA[org.openqa.selenium.NoSuchElementException: no such element: Unable to locate element: {"method":"css selector","selector":"input[name='tempTitle']"}
  (Session info: chrome=101.0.4951.41)
For documentation on this error, please visit: https://www.seleniumhq.org/exceptions/no_such_element.html
Build info: version: '3.141.59', revision: 'e82be7d358', time: '2018-11-14T08:17:03'
System info: host: 'exe0028', ip: '127.0.1.1', os.name: 'Linux', os.arch: 'amd64', os.version: '5.4.0-109-generic', java.version: '11.0.15'
Driver info: org.openqa.selenium.chrome.ChromeDriver
Capabilities {acceptInsecureCerts: false, browserName: chrome, browserVersion: 101.0.4951.41, chrome: {chromedriverVersion: 101.0.4951.15 (0dcf182bd388..., userDataDir: /tmp/.com.google.Chrome.MfQk3l}, goog:chromeOptions: {debuggerAddress: localhost:45161}, javascriptEnabled: true, networkConnectionEnabled: false, pageLoadStrategy: normal, platform: LINUX, platformName: LINUX, proxy: Proxy(), setWindowRect: true, strictFileInteractability: false, timeouts: {implicit: 0, pageLoad: 300000, script: 30000}, unhandledPromptBehavior: dismiss and notify, webauthn:extension:credBlob: true, webauthn:extension:largeBlob: true, webauthn:virtualAuthenticators: true}
Session ID: 7762a10ecfd42c1cd02248e0293916ac
*** Element info: {Using=css selector, value=input[name='tempTitle']}
at org.openqa.selenium.remote.http.W3CHttpResponseCodec.createException(W3CHttpResponseCodec.java:187)
at org.openqa.selenium.remote.http.W3CHttpResponseCodec.decode(W3CHttpResponseCodec.java:122)
at org.openqa.selenium.remote.http.W3CHttpResponseCodec.decode(W3CHttpResponseCodec.java:49)
at org.openqa.selenium.remote.HttpCommandExecutor.execute(HttpCommandExecutor.java:158)
at org.openqa.selenium.remote.service.DriverCommandExecutor.execute(DriverCommandExecutor.java:83)
at org.openqa.selenium.remote.RemoteWebDriver.execute(RemoteWebDriver.java:552)
at org.openqa.selenium.remote.RemoteWebDriver.findElement(RemoteWebDriver.java:323)
at org.openqa.selenium.remote.RemoteWebDriver.findElementByCssSelector(RemoteWebDriver.java:420)
at org.openqa.selenium.By$ByCssSelector.findElement(By.java:431)
at org.openqa.selenium.remote.RemoteWebDriver.findElement(RemoteWebDriver.java:315)
at org.openqa.selenium.support.events.EventFiringWebDriver.lambda$new$1(EventFiringWebDriver.java:105)
at com.sun.proxy.$Proxy17.findElement(Unknown Source)
at org.openqa.selenium.support.events.EventFiringWebDriver.findElement(EventFiringWebDriver.java:194)
at org.openqa.selenium.support.pagefactory.DefaultElementLocator.findElement(DefaultElementLocator.java:69)
at org.openqa.selenium.support.pagefactory.internal.LocatingElementHandler.invoke(LocatingElementHandler.java:38)
at com.sun.proxy.$Proxy21.sendKeys(Unknown Source)
at com.qa.truepush.pages.SettingsPage.verifyWelcomeNotification(SettingsPage.java:360)
at com.truepush.qa.testcases.SettingsTest.validateWelcomenotificationTest(SettingsTest.java:161)
at java.base/java.util.ArrayList.forEach(ArrayList.java:1541)
... Removed 34 stack frames]]>
    </failure>
  </testcase> <!-- validateWelcomenotificationTest -->
  <testcase classname="com.truepush.qa.testcases.SettingsTest" name="validateDefaultSettingsTest" time="0.637"/>
</testsuite> <!-- Truepush Settings -->
