<?xml version="1.0" encoding="UTF-8"?>
<!-- Generated by org.testng.reporters.JUnitXMLReporter -->
<testsuite ignored="0" hostname="exe0028" failures="1" tests="17" name="Truepush RSS to Push" time="149.229" errors="0" timestamp="2022-06-13T10:28:45 IST">
  <testcase classname="com.truepush.qa.testcases.RSSTest" name="validateCreateNewRSSTest" time="0.968"/>
  <testcase classname="com.truepush.qa.testcases.RSSTest" name="validateAddRSSFeedsDTTTest" time="50.022">
    <failure type="org.openqa.selenium.NoSuchElementException" message="no such element: Unable to locate element: {&amp;quot;method&amp;quot;:&amp;quot;xpath&amp;quot;,&amp;quot;selector&amp;quot;:&amp;quot;//button[text()=&amp;apos;New RSS Feed&amp;apos;]&amp;quot;}
  (Session info: chrome=102.0.5005.61)
For documentation on this error, please visit: https://www.seleniumhq.org/exceptions/no_such_element.html
Build info: version: &amp;apos;3.141.59&amp;apos;, revision: &amp;apos;e82be7d358&amp;apos;, time: &amp;apos;2018-11-14T08:17:03&amp;apos;
System info: host: &amp;apos;exe0028&amp;apos;, ip: &amp;apos;127.0.1.1&amp;apos;, os.name: &amp;apos;Linux&amp;apos;, os.arch: &amp;apos;amd64&amp;apos;, os.version: &amp;apos;5.4.0-113-generic&amp;apos;, java.version: &amp;apos;11.0.15&amp;apos;
Driver info: org.openqa.selenium.chrome.ChromeDriver
Capabilities {acceptInsecureCerts: false, browserName: chrome, browserVersion: 102.0.5005.61, chrome: {chromedriverVersion: 101.0.4951.15 (0dcf182bd388..., userDataDir: /tmp/.com.google.Chrome.rj6Eok}, goog:chromeOptions: {debuggerAddress: localhost:41211}, javascriptEnabled: true, networkConnectionEnabled: false, pageLoadStrategy: normal, platform: LINUX, platformName: LINUX, proxy: Proxy(), setWindowRect: true, strictFileInteractability: false, timeouts: {implicit: 0, pageLoad: 300000, script: 30000}, unhandledPromptBehavior: dismiss and notify, webauthn:extension:credBlob: true, webauthn:extension:largeBlob: true, webauthn:virtualAuthenticators: true}
Session ID: 1d484dfe27a4201dde21dcc772a6f2b7
*** Element info: {Using=xpath, value=//button[text()=&amp;apos;New RSS Feed&amp;apos;]}">
      <![CDATA[org.openqa.selenium.NoSuchElementException: no such element: Unable to locate element: {"method":"xpath","selector":"//button[text()='New RSS Feed']"}
  (Session info: chrome=102.0.5005.61)
For documentation on this error, please visit: https://www.seleniumhq.org/exceptions/no_such_element.html
Build info: version: '3.141.59', revision: 'e82be7d358', time: '2018-11-14T08:17:03'
System info: host: 'exe0028', ip: '127.0.1.1', os.name: 'Linux', os.arch: 'amd64', os.version: '5.4.0-113-generic', java.version: '11.0.15'
Driver info: org.openqa.selenium.chrome.ChromeDriver
Capabilities {acceptInsecureCerts: false, browserName: chrome, browserVersion: 102.0.5005.61, chrome: {chromedriverVersion: 101.0.4951.15 (0dcf182bd388..., userDataDir: /tmp/.com.google.Chrome.rj6Eok}, goog:chromeOptions: {debuggerAddress: localhost:41211}, javascriptEnabled: true, networkConnectionEnabled: false, pageLoadStrategy: normal, platform: LINUX, platformName: LINUX, proxy: Proxy(), setWindowRect: true, strictFileInteractability: false, timeouts: {implicit: 0, pageLoad: 300000, script: 30000}, unhandledPromptBehavior: dismiss and notify, webauthn:extension:credBlob: true, webauthn:extension:largeBlob: true, webauthn:virtualAuthenticators: true}
Session ID: 1d484dfe27a4201dde21dcc772a6f2b7
*** Element info: {Using=xpath, value=//button[text()='New RSS Feed']}
at org.openqa.selenium.remote.http.W3CHttpResponseCodec.createException(W3CHttpResponseCodec.java:187)
at org.openqa.selenium.remote.http.W3CHttpResponseCodec.decode(W3CHttpResponseCodec.java:122)
at org.openqa.selenium.remote.http.W3CHttpResponseCodec.decode(W3CHttpResponseCodec.java:49)
at org.openqa.selenium.remote.HttpCommandExecutor.execute(HttpCommandExecutor.java:158)
at org.openqa.selenium.remote.service.DriverCommandExecutor.execute(DriverCommandExecutor.java:83)
at org.openqa.selenium.remote.RemoteWebDriver.execute(RemoteWebDriver.java:552)
at org.openqa.selenium.remote.RemoteWebDriver.findElement(RemoteWebDriver.java:323)
at org.openqa.selenium.remote.RemoteWebDriver.findElementByXPath(RemoteWebDriver.java:428)
at org.openqa.selenium.By$ByXPath.findElement(By.java:353)
at org.openqa.selenium.remote.RemoteWebDriver.findElement(RemoteWebDriver.java:315)
at org.openqa.selenium.support.events.EventFiringWebDriver.lambda$new$1(EventFiringWebDriver.java:105)
at com.sun.proxy.$Proxy21.findElement(Unknown Source)
at org.openqa.selenium.support.events.EventFiringWebDriver.findElement(EventFiringWebDriver.java:194)
at org.openqa.selenium.support.pagefactory.DefaultElementLocator.findElement(DefaultElementLocator.java:69)
at org.openqa.selenium.support.pagefactory.internal.LocatingElementHandler.invoke(LocatingElementHandler.java:38)
at com.sun.proxy.$Proxy19.click(Unknown Source)
at com.qa.truepush.pages.RSSPage.addNewRSS(RSSPage.java:145)
at com.truepush.qa.testcases.RSSTest.validateAddRSSFeedsDTTTest(RSSTest.java:109)
at java.base/java.util.ArrayList.forEach(ArrayList.java:1541)
... Removed 34 stack frames]]>
    </failure>
  </testcase> <!-- validateAddRSSFeedsDTTTest -->
  <testcase classname="com.truepush.qa.testcases.RSSTest" name="validateAddRSSFeedsDTTTest" time="0.836"/>
  <testcase classname="com.truepush.qa.testcases.RSSTest" name="validateAddRSSFeedsDTTTest" time="0.818"/>
  <testcase classname="com.truepush.qa.testcases.RSSTest" name="validateAddRSSFeedsDTTTest" time="0.773"/>
  <testcase classname="com.truepush.qa.testcases.RSSTest" name="validateAddRSSFeedsDTTTest" time="1.435"/>
  <testcase classname="com.truepush.qa.testcases.RSSTest" name="validateAddRSSFeedsDTTTest" time="0.741"/>
  <testcase classname="com.truepush.qa.testcases.RSSTest" name="validateAddRSSFeedsDTTTest" time="0.861"/>
  <testcase classname="com.truepush.qa.testcases.RSSTest" name="validateAddRSSFeedsDTTTest" time="0.802"/>
  <testcase classname="com.truepush.qa.testcases.RSSTest" name="validateAddRSSFeedsDTTTest" time="0.799"/>
  <testcase classname="com.truepush.qa.testcases.RSSTest" name="validateAddRSSFeedsDTTTest" time="0.741"/>
  <testcase classname="com.truepush.qa.testcases.RSSTest" name="validateAddRSSFeedsDTTTest" time="0.908"/>
  <testcase classname="com.truepush.qa.testcases.RSSTest" name="validateAddRSSFeedsDTTTest" time="0.86"/>
  <testcase classname="com.truepush.qa.testcases.RSSTest" name="validateAddRSSFeedsDTTTest" time="1.445"/>
  <testcase classname="com.truepush.qa.testcases.RSSTest" name="validateAddRSSFeedsDTTTest" time="0.735"/>
  <testcase classname="com.truepush.qa.testcases.RSSTest" name="validateAddRSSFeedsDTTTest" time="0.825"/>
  <testcase classname="com.truepush.qa.testcases.RSSTest" name="validateActiveRSSfeedsTest" time="1.643"/>
</testsuite> <!-- Truepush RSS to Push -->
