<?xml version="1.0" encoding="UTF-8"?>
<!-- Generated by org.testng.reporters.JUnitXMLReporter -->
<testsuite ignored="0" hostname="exe0028" failures="1" tests="17" name="Truepush Maininterface" time="112.786" errors="0" timestamp="2022-05-12T14:36:14 IST">
  <testcase classname="com.truepush.qa.testcases.MaininterfaceTest" name="@AfterMethod teardown" time="0.0">
    <failure type="java.lang.NullPointerException">
      <![CDATA[java.lang.NullPointerException
at com.truepush.qa.testcases.MaininterfaceTest.teardown(MaininterfaceTest.java:285)
at java.base/java.util.ArrayList.forEach(ArrayList.java:1541)
... Removed 32 stack frames]]>
    </failure>
  </testcase> <!-- @AfterMethod teardown -->
  <testcase classname="com.truepush.qa.testcases.MaininterfaceTest" name="@BeforeMethod setup" time="-1.652346374864E9">
    <skipped/>
  </testcase> <!-- @BeforeMethod setup -->
  <testcase classname="com.truepush.qa.testcases.MaininterfaceTest" name="@AfterMethod teardown" time="-1.652346374869E9">
    <skipped/>
  </testcase> <!-- @AfterMethod teardown -->
  <testcase classname="com.truepush.qa.testcases.MaininterfaceTest" name="@BeforeMethod setup" time="-1.652346374882E9">
    <skipped/>
  </testcase> <!-- @BeforeMethod setup -->
  <testcase classname="com.truepush.qa.testcases.MaininterfaceTest" name="@AfterMethod teardown" time="-1.652346374885E9">
    <skipped/>
  </testcase> <!-- @AfterMethod teardown -->
  <testcase classname="com.truepush.qa.testcases.MaininterfaceTest" name="@BeforeMethod setup" time="-1.652346374887E9">
    <skipped/>
  </testcase> <!-- @BeforeMethod setup -->
  <testcase classname="com.truepush.qa.testcases.MaininterfaceTest" name="@AfterMethod teardown" time="-1.652346374891E9">
    <skipped/>
  </testcase> <!-- @AfterMethod teardown -->
  <testcase classname="com.truepush.qa.testcases.MaininterfaceTest" name="@AfterTest endReport" time="-1.652346374892E9">
    <skipped/>
  </testcase> <!-- @AfterTest endReport -->
  <testcase classname="com.truepush.qa.testcases.MaininterfaceTest" name="validateCampaignPageLinkTest" time="2.121"/>
  <testcase classname="com.truepush.qa.testcases.MaininterfaceTest" name="validateRSSPageLinkTest" time="0.449"/>
  <testcase classname="com.truepush.qa.testcases.MaininterfaceTest" name="validateSegmentsPageLinkTest" time="0.447"/>
  <testcase classname="com.truepush.qa.testcases.MaininterfaceTest" name="validateTemplatesPageLinkTest" time="0.439"/>
  <testcase classname="com.truepush.qa.testcases.MaininterfaceTest" name="validateTriggersPageLinkTest" time="0.463"/>
  <testcase classname="com.truepush.qa.testcases.MaininterfaceTest" name="valiateSubscribersPageLinkTest" time="0.476"/>
  <testcase classname="com.truepush.qa.testcases.MaininterfaceTest" name="validateCodeIntegrationPageLinkTest" time="2.042"/>
  <testcase classname="com.truepush.qa.testcases.MaininterfaceTest" name="validateSettingsPageLinkTest" time="0.455"/>
  <testcase classname="com.truepush.qa.testcases.MaininterfaceTest" name="validatePricingPageLinkTest" time="0.479"/>
  <testcase classname="com.truepush.qa.testcases.MaininterfaceTest" name="validateProfileiconPageLinkTest" time="18.153"/>
  <testcase classname="com.truepush.qa.testcases.MaininterfaceTest" name="validateTruepushLogoTest" time="0.048"/>
  <testcase classname="com.truepush.qa.testcases.MaininterfaceTest" name="validatePageTitleTest" time="0.015"/>
  <testcase classname="com.truepush.qa.testcases.MaininterfaceTest" name="validateCampaignButtonTest" time="1.23"/>
  <testcase classname="com.truepush.qa.testcases.MaininterfaceTest" name="validateProfileIconTest" time="2.243">
    <failure type="org.openqa.selenium.InvalidSelectorException" message="invalid selector: An invalid or illegal selector was specified
  (Session info: chrome=101.0.4951.54)
For documentation on this error, please visit: https://www.seleniumhq.org/exceptions/invalid_selector_exception.html
Build info: version: &amp;apos;3.141.59&amp;apos;, revision: &amp;apos;e82be7d358&amp;apos;, time: &amp;apos;2018-11-14T08:17:03&amp;apos;
System info: host: &amp;apos;exe0028&amp;apos;, ip: &amp;apos;127.0.1.1&amp;apos;, os.name: &amp;apos;Linux&amp;apos;, os.arch: &amp;apos;amd64&amp;apos;, os.version: &amp;apos;5.4.0-109-generic&amp;apos;, java.version: &amp;apos;11.0.15&amp;apos;
Driver info: org.openqa.selenium.chrome.ChromeDriver
Capabilities {acceptInsecureCerts: false, browserName: chrome, browserVersion: 101.0.4951.54, chrome: {chromedriverVersion: 101.0.4951.15 (0dcf182bd388..., userDataDir: /tmp/.com.google.Chrome.eDUfWT}, goog:chromeOptions: {debuggerAddress: localhost:46115}, javascriptEnabled: true, networkConnectionEnabled: false, pageLoadStrategy: normal, platform: LINUX, platformName: LINUX, proxy: Proxy(), setWindowRect: true, strictFileInteractability: false, timeouts: {implicit: 0, pageLoad: 300000, script: 30000}, unhandledPromptBehavior: dismiss and notify, webauthn:extension:credBlob: true, webauthn:extension:largeBlob: true, webauthn:virtualAuthenticators: true}
Session ID: 37412bacf554e7d081d3188060fcf62a
*** Element info: {Using=css selector, value=//div[@class=&amp;quot;container-fluid&amp;quot;]/preceding::a[1]}">
      <![CDATA[org.openqa.selenium.InvalidSelectorException: invalid selector: An invalid or illegal selector was specified
  (Session info: chrome=101.0.4951.54)
For documentation on this error, please visit: https://www.seleniumhq.org/exceptions/invalid_selector_exception.html
Build info: version: '3.141.59', revision: 'e82be7d358', time: '2018-11-14T08:17:03'
System info: host: 'exe0028', ip: '127.0.1.1', os.name: 'Linux', os.arch: 'amd64', os.version: '5.4.0-109-generic', java.version: '11.0.15'
Driver info: org.openqa.selenium.chrome.ChromeDriver
Capabilities {acceptInsecureCerts: false, browserName: chrome, browserVersion: 101.0.4951.54, chrome: {chromedriverVersion: 101.0.4951.15 (0dcf182bd388..., userDataDir: /tmp/.com.google.Chrome.eDUfWT}, goog:chromeOptions: {debuggerAddress: localhost:46115}, javascriptEnabled: true, networkConnectionEnabled: false, pageLoadStrategy: normal, platform: LINUX, platformName: LINUX, proxy: Proxy(), setWindowRect: true, strictFileInteractability: false, timeouts: {implicit: 0, pageLoad: 300000, script: 30000}, unhandledPromptBehavior: dismiss and notify, webauthn:extension:credBlob: true, webauthn:extension:largeBlob: true, webauthn:virtualAuthenticators: true}
Session ID: 37412bacf554e7d081d3188060fcf62a
*** Element info: {Using=css selector, value=//div[@class="container-fluid"]/preceding::a[1]}
at org.openqa.selenium.remote.http.W3CHttpResponseCodec.createException(W3CHttpResponseCodec.java:187)
at org.openqa.selenium.remote.http.W3CHttpResponseCodec.decode(W3CHttpResponseCodec.java:122)
at org.openqa.selenium.remote.http.W3CHttpResponseCodec.decode(W3CHttpResponseCodec.java:49)
at org.openqa.selenium.remote.HttpCommandExecutor.execute(HttpCommandExecutor.java:158)
at org.openqa.selenium.remote.service.DriverCommandExecutor.execute(DriverCommandExecutor.java:83)
at org.openqa.selenium.remote.RemoteWebDriver.execute(RemoteWebDriver.java:552)
at org.openqa.selenium.remote.RemoteWebDriver.findElement(RemoteWebDriver.java:323)
at org.openqa.selenium.remote.RemoteWebDriver.findElementByCssSelector(RemoteWebDriver.java:420)
at org.openqa.selenium.By$ByCssSelector.findElement(By.java:431)
at org.openqa.selenium.remote.RemoteWebDriver.findElement(RemoteWebDriver.java:315)
at org.openqa.selenium.support.events.EventFiringWebDriver.lambda$new$1(EventFiringWebDriver.java:105)
at com.sun.proxy.$Proxy17.findElement(Unknown Source)
at org.openqa.selenium.support.events.EventFiringWebDriver.findElement(EventFiringWebDriver.java:194)
at org.openqa.selenium.support.pagefactory.DefaultElementLocator.findElement(DefaultElementLocator.java:69)
at org.openqa.selenium.support.pagefactory.internal.LocatingElementHandler.invoke(LocatingElementHandler.java:38)
at com.sun.proxy.$Proxy21.click(Unknown Source)
at com.qa.truepush.pages.Maininterface.verfiyProfileIcon(Maininterface.java:362)
at com.truepush.qa.testcases.MaininterfaceTest.validateProfileIconTest(MaininterfaceTest.java:247)
at java.base/java.util.ArrayList.forEach(ArrayList.java:1541)
... Removed 34 stack frames]]>
    </failure>
  </testcase> <!-- validateProfileIconTest -->
  <testcase classname="com.truepush.qa.testcases.MaininterfaceTest" name="validateDriftChat" time="0.0">
    <skipped/>
  </testcase> <!-- validateDriftChat -->
  <testcase classname="com.truepush.qa.testcases.MaininterfaceTest" name="validateMenuButton" time="0.0">
    <skipped/>
  </testcase> <!-- validateMenuButton -->
  <testcase classname="com.truepush.qa.testcases.MaininterfaceTest" name="validateSwichToProject" time="0.0">
    <skipped/>
  </testcase> <!-- validateSwichToProject -->
</testsuite> <!-- Truepush Maininterface -->
