<?xml version="1.0" encoding="UTF-8"?>
<!-- Generated by org.testng.reporters.JUnitXMLReporter -->
<testsuite ignored="0" hostname="exe0028" failures="0" tests="2" name="Registration" time="35.123" errors="0" timestamp="2022-06-17T14:50:17 IST">
  <testcase classname="com.truepush.qa.testcases.RegistrationPageTest" name="@AfterClass tearDown" time="-1.655457617881E9">
    <failure type="org.testng.TestNGException" message="
Can inject only one of &amp;lt;ITestContext, XmlTest&amp;gt; into a @AfterClass annotated tearDown.
For more information on native dependency injection please refer to https://testng.org/doc/documentation-main.html#native-dependency-injection">
      <![CDATA[org.testng.TestNGException: 
Can inject only one of <ITestContext, XmlTest> into a @AfterClass annotated tearDown.
For more information on native dependency injection please refer to https://testng.org/doc/documentation-main.html#native-dependency-injection
at java.base/java.util.ArrayList.forEach(ArrayList.java:1541)
... Removed 22 stack frames]]>
    </failure>
  </testcase> <!-- @AfterClass tearDown -->
  <testcase classname="com.truepush.qa.testbase.TestBase" name="@AfterTest endreport" time="-1.655457617893E9">
    <skipped/>
  </testcase> <!-- @AfterTest endreport -->
  <testcase classname="com.truepush.qa.testcases.RegistrationPageTest" name="validateRegistration" time="3.165"/>
  <testcase classname="com.truepush.qa.testcases.RegistrationPageTest" name="validateNewProject" time="26.315"/>
</testsuite> <!-- Registration -->
