<?xml version="1.0" encoding="UTF-8"?>
<!-- Generated by org.testng.reporters.JUnitReportReporter -->
<testsuite hostname="exe0028" failures="1" tests="17" name="com.truepush.qa.testcases.MaininterfaceTest" time="111.238" errors="0" timestamp="2022-06-30T14:30:38 IST" skipped="0">
  <testcase classname="com.truepush.qa.testcases.MaininterfaceTest" name="validateCampaignPageLinkTest" time="6.164"/>
  <system-out/>
  <testcase classname="com.truepush.qa.testcases.MaininterfaceTest" name="validateRSSPageLinkTest" time="4.895"/>
  <system-out/>
  <testcase classname="com.truepush.qa.testcases.MaininterfaceTest" name="validateSegmentsPageLinkTest" time="5.911"/>
  <system-out/>
  <testcase classname="com.truepush.qa.testcases.MaininterfaceTest" name="validateTemplatesPageLinkTest" time="6.742"/>
  <system-out/>
  <testcase classname="com.truepush.qa.testcases.MaininterfaceTest" name="validateTriggersPageLinkTest" time="4.120"/>
  <system-out/>
  <testcase classname="com.truepush.qa.testcases.MaininterfaceTest" name="valiateSubscribersPageLinkTest" time="4.413"/>
  <system-out/>
  <testcase classname="com.truepush.qa.testcases.MaininterfaceTest" name="validateCodeIntegrationPageLinkTest" time="5.175"/>
  <system-out/>
  <testcase classname="com.truepush.qa.testcases.MaininterfaceTest" name="validateSettingsPageLinkTest" time="4.677"/>
  <system-out/>
  <testcase classname="com.truepush.qa.testcases.MaininterfaceTest" name="validatePricingPageLinkTest" time="4.983"/>
  <system-out/>
  <testcase classname="com.truepush.qa.testcases.MaininterfaceTest" name="validateProfileiconPageLinkTest" time="17.104"/>
  <system-out/>
  <testcase classname="com.truepush.qa.testcases.MaininterfaceTest" name="validatePageTitleTest" time="3.757">
    <failure message="Truepush expected:&lt;Truepush&gt; but was:&lt;dash board page title not matched&gt;" type="java.lang.AssertionError">
      <![CDATA[java.lang.AssertionError: Truepush expected:<Truepush> but was:<dash board page title not matched>
at org.testng.AssertJUnit.assertEquals(AssertJUnit.java:115)
at com.truepush.qa.testcases.MaininterfaceTest.validatePageTitleTest(MaininterfaceTest.java:226)
at java.base/jdk.internal.reflect.NativeMethodAccessorImpl.invoke0(Native Method)
at java.base/jdk.internal.reflect.NativeMethodAccessorImpl.invoke(NativeMethodAccessorImpl.java:62)
at java.base/jdk.internal.reflect.DelegatingMethodAccessorImpl.invoke(DelegatingMethodAccessorImpl.java:43)
at java.base/java.lang.reflect.Method.invoke(Method.java:566)
at org.testng.internal.MethodInvocationHelper.invokeMethod(MethodInvocationHelper.java:133)
at org.testng.internal.TestInvoker.invokeMethod(TestInvoker.java:598)
at org.testng.internal.TestInvoker.invokeTestMethod(TestInvoker.java:173)
at org.testng.internal.MethodRunner.runInSequence(MethodRunner.java:46)
at org.testng.internal.TestInvoker$MethodInvocationAgent.invoke(TestInvoker.java:824)
at org.testng.internal.TestInvoker.invokeTestMethods(TestInvoker.java:146)
at org.testng.internal.TestMethodWorker.invokeTestMethods(TestMethodWorker.java:146)
at org.testng.internal.TestMethodWorker.run(TestMethodWorker.java:128)
at java.base/java.util.ArrayList.forEach(ArrayList.java:1541)
at org.testng.TestRunner.privateRun(TestRunner.java:794)
at org.testng.TestRunner.run(TestRunner.java:596)
at org.testng.SuiteRunner.runTest(SuiteRunner.java:377)
at org.testng.SuiteRunner.runSequentially(SuiteRunner.java:371)
at org.testng.SuiteRunner.privateRun(SuiteRunner.java:332)
at org.testng.SuiteRunner.run(SuiteRunner.java:276)
at org.testng.SuiteRunnerWorker.runSuite(SuiteRunnerWorker.java:53)
at org.testng.SuiteRunnerWorker.run(SuiteRunnerWorker.java:96)
at org.testng.TestNG.runSuitesSequentially(TestNG.java:1212)
at org.testng.TestNG.runSuitesLocally(TestNG.java:1134)
at org.testng.TestNG.runSuites(TestNG.java:1063)
at org.testng.TestNG.run(TestNG.java:1031)
at org.testng.remote.AbstractRemoteTestNG.run(AbstractRemoteTestNG.java:115)
at org.testng.remote.RemoteTestNG.initAndRun(RemoteTestNG.java:251)
at org.testng.remote.RemoteTestNG.main(RemoteTestNG.java:77)
]]>
    </failure>
  </testcase> <!-- validatePageTitleTest -->
  <system-out/>
  <testcase classname="com.truepush.qa.testcases.MaininterfaceTest" name="validateCampaignButtonTest" time="14.660"/>
  <system-out/>
  <testcase classname="com.truepush.qa.testcases.MaininterfaceTest" name="validateProfileIconTest" time="5.786"/>
  <system-out/>
  <testcase classname="com.truepush.qa.testcases.MaininterfaceTest" name="validateDriftChatTest" time="7.285"/>
  <system-out/>
  <testcase classname="com.truepush.qa.testcases.MaininterfaceTest" name="validateMenuButtonTest" time="4.566"/>
  <system-out/>
  <testcase classname="com.truepush.qa.testcases.MaininterfaceTest" name="validateSwitchToProjectTest" time="4.774"/>
  <system-out/>
  <testcase classname="com.truepush.qa.testcases.MaininterfaceTest" name="validateLogoutButtonTest" time="6.226"/>
  <system-out/>
</testsuite> <!-- com.truepush.qa.testcases.MaininterfaceTest -->
